<?xml version="1.0" encoding="UTF-8"?>
<!-- Generated by org.testng.reporters.JUnitXMLReporter -->
<testsuite hostname="W0472501MSMXT" ignored="0" name="FlightSearchTest" tests="2" failures="2" timestamp="2019-12-26T09:52:50 IST" time="93.88" errors="0">
  <testcase name="flightSearchTest" time="41.273" classname="com.w2a.testcases.FlightSearchTest">
    <failure type="java.lang.AssertionError" message="expected [6] but found [5]">
      <![CDATA[java.lang.AssertionError: expected [6] but found [5]
at com.w2a.errorcollectors.ErrorCollector.assertEquals(ErrorCollector.java:38)
at com.w2a.errorcollectors.ErrorCollector.verifyEquals(ErrorCollector.java:102)
at com.w2a.testcases.FlightSearchTest.flightSearchTest(FlightSearchTest.java:32)
at java.util.ArrayList.forEach(ArrayList.java:1257)
... Removed 31 stack frames]]>
    </failure>
  </testcase> <!-- flightSearchTest -->
  <testcase name="flightSearchTest" time="47.834" classname="com.w2a.testcases.FlightSearchTest">
    <failure type="java.lang.AssertionError" message="expected [6] but found [5]">
      <![CDATA[java.lang.AssertionError: expected [6] but found [5]
at com.w2a.errorcollectors.ErrorCollector.assertEquals(ErrorCollector.java:38)
at com.w2a.errorcollectors.ErrorCollector.verifyEquals(ErrorCollector.java:102)
at com.w2a.testcases.FlightSearchTest.flightSearchTest(FlightSearchTest.java:32)
at java.util.ArrayList.forEach(ArrayList.java:1257)
... Removed 31 stack frames]]>
    </failure>
  </testcase> <!-- flightSearchTest -->
</testsuite> <!-- FlightSearchTest -->
